<?xml version="1.0" encoding="UTF-8"?>
<!-- Generated by org.testng.reporters.JUnitReportReporter -->
<testsuite hostname="DESKTOP-4FF9S3C" name="com.automation.scripts.SearchFlight" tests="1" failures="0" timestamp="30 Mar 2020 16:48:39 GMT" time="2.584" errors="0">
  <testcase name="searchFlight" time="2.584" classname="com.automation.scripts.SearchFlight"/>
</testsuite> <!-- com.automation.scripts.SearchFlight -->
