<?xml version="1.0" encoding="UTF-8"?>
<!-- Generated by org.testng.reporters.JUnitReportReporter -->
<testsuite skipped="0" hostname="DESKTOP-4FF9S3C" name="com.automation.scripts.Login" tests="2" failures="0" timestamp="2020-03-30T18:13:27 CDT" time="22.300" errors="0">
  <testcase name="login" time="12.162" classname="com.automation.scripts.Login"/>
  <system-out/>
  <testcase name="login" time="10.138" classname="com.automation.scripts.Login"/>
  <system-out/>
</testsuite> <!-- com.automation.scripts.Login -->
